101.11.30 01:38 A C:\My Documents\mark's docs\homepage\anna\awards.html --> ftp-www.earthlink.net /webdocs awards.html
101.11.30 01:38 A C:\My Documents\mark's docs\homepage\anna\bios.html --> ftp-www.earthlink.net /webdocs bios.html
101.11.30 01:38 A C:\My Documents\mark's docs\homepage\anna\contact.html --> ftp-www.earthlink.net /webdocs contact.html
101.11.30 01:38 A C:\My Documents\mark's docs\homepage\anna\credits.html --> ftp-www.earthlink.net /webdocs credits.html
101.11.30 01:38 A C:\My Documents\mark's docs\homepage\anna\index.html --> ftp-www.earthlink.net /webdocs index.html
101.11.30 01:38 A C:\My Documents\mark's docs\homepage\anna\press.html --> ftp-www.earthlink.net /webdocs press.html
101.11.30 01:38 A C:\My Documents\mark's docs\homepage\anna\press2.html --> ftp-www.earthlink.net /webdocs press2.html
101.11.30 01:45 B C:\My Documents\mark's docs\homepage\anna\Danny_Maloney.JPG --> ftp-www.earthlink.net /webdocs Danny_Maloney.JPG
101.11.30 01:45 B C:\My Documents\mark's docs\homepage\anna\FameWhore.gif --> ftp-www.earthlink.net /webdocs FameWhore.gif
101.11.30 01:45 B C:\My Documents\mark's docs\homepage\anna\fsom13.gif --> ftp-www.earthlink.net /webdocs fsom13.gif
101.11.30 01:45 B C:\My Documents\mark's docs\homepage\anna\homePage.JPG --> ftp-www.earthlink.net /webdocs homePage.JPG
101.11.30 01:45 B C:\My Documents\mark's docs\homepage\anna\Kevin_Corrigan1.GIF --> ftp-www.earthlink.net /webdocs Kevin_Corrigan1.GIF
101.11.30 01:45 B C:\My Documents\mark's docs\homepage\anna\mark.gif --> ftp-www.earthlink.net /webdocs mark.gif
101.11.30 01:45 B C:\My Documents\mark's docs\homepage\anna\Mark_Edgington.GIF --> ftp-www.earthlink.net /webdocs Mark_Edgington.GIF
101.11.30 01:45 B C:\My Documents\mark's docs\homepage\anna\RR_award.gif --> ftp-www.earthlink.net /webdocs RR_award.gif
101.11.30 01:45 B C:\My Documents\mark's docs\homepage\anna\Sophie_Gallatea.gif --> ftp-www.earthlink.net /webdocs Sophie_Gallatea.gif
101.11.30 01:45 B C:\My Documents\mark's docs\homepage\anna\Star.gif --> ftp-www.earthlink.net /webdocs Star.gif
101.11.30 01:45 B C:\My Documents\mark's docs\homepage\anna\stills.JPG --> ftp-www.earthlink.net /webdocs stills.JPG
101.11.30 01:49 A C:\My Documents\mark's docs\homepage\anna\reviews.html --> ftp-www.earthlink.net /webdocs reviews.html
101.11.30 01:50 A C:\My Documents\mark's docs\homepage\anna\stills.html --> ftp-www.earthlink.net /webdocs stills.html
101.11.30 01:52 B C:\My Documents\mark's docs\homepage\anna\awards.html <-- ELN Personal Home Pages /webdocs awards.html
